* using log directory 'C:/Users/danie/OneDrive - University of Utah/Academics/202301 Spring/Advanced Programming in R and HPC/egpkg/..Rcheck'
* using R version 4.1.3 (2022-03-10)
* using platform: x86_64-w64-mingw32 (64-bit)
* using session charset: ISO8859-1
* using option '--no-manual'
* checking for file './DESCRIPTION' ... OK
* checking extension type ... Package
* this is package 'egpkg' version '1.0'
* package encoding: UTF-8
* checking package namespace information ... OK
* checking package dependencies ... OK
* checking if this is a source package ... WARNING
Subdirectory 'egpkg/src' contains apparent object files/libraries
  RcppExports.o egpkg.dll rcpp_hello_world.o
Object files/libraries should not be included in a source package.
* checking if there is a namespace ... OK
* checking for .dll and .exe files ... WARNING
Found the following executable file:
  src/egpkg.dll
Source packages should not contain undeclared executable files.
See section 'Package structure' in the 'Writing R Extensions' manual.
* checking for hidden files and directories ... NOTE
Found the following hidden files and directories:
  .github/.gitignore
  .gitignore
  src/.gitignore
  ..Rcheck
  .Rproj.user
  .git
  .github
These were most likely included in error. See section 'Package
structure' in the 'Writing R Extensions' manual.
* checking for portable file names ... OK
* checking whether package 'egpkg' can be installed ... ERROR
Installation failed.
See 'C:/Users/danie/OneDrive - University of Utah/Academics/202301 Spring/Advanced Programming in R and HPC/egpkg/..Rcheck/00install.out' for details.
* DONE
Status: 1 ERROR, 2 WARNINGs, 1 NOTE
